<?xml version="1.0" encoding="UTF-8"?>
<!-- Generated by org.testng.reporters.JUnitReportReporter -->
<testsuite hostname="LAPTOP-07C3PUN0" failures="0" tests="1" name="com.inetBanking.testCases.TC_LoginTest_001" time="8.269" errors="0" timestamp="2023-03-14T05:39:48 IST" skipped="0">
  <testcase classname="com.inetBanking.testCases.TC_LoginTest_001" name="loginTest" time="8.269"/>
  <system-out/>
</testsuite> <!-- com.inetBanking.testCases.TC_LoginTest_001 -->
